
Randomized with seed 16020
spec/models/notification_spec.rb:0.10161000001244247
spec/controllers/evidence/accuracy_incorrect_reason_controller_spec.rb:2.1180399998556823
spec/mailers/devise/mailer_spec.rb:0.21719200001098216
spec/views/home/index.html.slim_spec.rb:7.052474000025541
spec/models/forms/report/finance_transactional_report_spec.rb:0.07460699998773634
spec/models/views/evidence_spec.rb:0.03838300006464124
spec/controllers/benefit_overrides_controller_spec.rb:1.2393259999807924
spec/views/users/invitations/new.html.slim_spec.rb:1.8464639999438077
spec/helpers/flash_message_helper_spec.rb:0.21684600017033517
spec/policies/report_policy_spec.rb:0.888802999863401
spec/features/evidence-checks/evidence_check_part_payment_flow_spec.rb:1.361001999815926
spec/services/savings_pass_fail_service_spec.rb:1.2652849999722093
spec/services/ccmcc_evidence_check_rules_spec.rb:6.901882000034675
spec/lib/hmrc_income_parser_spec.rb:0.14533999981358647
spec/routing/online_applications_routing_spec.rb:0.01257600006647408
spec/jobs/dwp_report_status_job_spec.rb:0.06525800004601479
spec/models/query/last_dwp_failed_applications_spec.rb:2.217519999947399
spec/routing/application_process_routing_spec.rb:0.09283400001004338
spec/lib/income_calculation_spec.rb:8.960267999907956
spec/models/forms/part_payment/accuracy_spec.rb:0.24033699999563396
spec/models/query/processed_applications_spec.rb:0.8435230001341552
spec/helpers/result_helper_spec.rb:0.4982180001679808
spec/models/views/application_result_spec.rb:1.2254480000119656
spec/lib/secret_token_spec.rb:0.009394000051543117
spec/routing/health_status_spec.rb:0.009534999961033463
spec/models/feature_switching_spec.rb:0.08969700010493398
spec/controllers/applications/process/incomes_controller_spec.rb:0.5939559999387711
spec/features/no_evidence_check/rst_973_spec.rb:6.5267900000326335
spec/routing/payment_routing_spec.rb:0.023074999917298555
spec/models/forms/online_application_spec.rb:3.6901130001060665
spec/models/jurisdiction_spec.rb:2.0936620000284165
spec/models/forms/benefits_evidence_spec.rb:1.6902120001614094
spec/models/views/application_list_spec.rb:2.9661649998743087

Randomized with seed 16020

Randomized with seed 42898
spec/services/evidence_check_selector_spec.rb:15.408825000049546
spec/lib/fee_threshold_spec.rb:0.1047340000513941
spec/services/hwf_reference_generator_spec.rb:0.10234600002877414
spec/controllers/report/raw_data_controller_spec.rb:0.7347869998775423
spec/features/evidence-checks/evidence_check_page_displays_letter_to_be_sent_spec.rb:0.6064460000488907
spec/models/views/reports/applicants_per_fy_export_spec.rb:0.9611929999664426
spec/features/evidence-checks/evidence_check_page_displayed_instead_of_confirmation_spec.rb:2.0435440000146627
spec/views/feedback/display.html.slim_spec.rb:0.14468999998643994
spec/controllers/report/income_claims_data_controller_spec.rb:0.43724099989049137
spec/controllers/reports_controller_spec.rb:2.494187999982387
spec/models/views/reports/power_bi_export_spec.rb:0.026471999939531088
spec/models/forms/application/savings_investment_spec.rb:2.4021199999842793
spec/controllers/evidence_checks_controller_spec.rb:0.3017190000973642
spec/models/views/overview/benefits_spec.rb:0.32228500000201166
spec/features/return_applications/return_evidence_checkable_applications_spec.rb:1.6465249999891967
spec/models/hmrc_check_spec.rb:7.5639499998651445
spec/features/manager_bec_details_spec.rb:0.19981299992650747
spec/services/override_decision_service_spec.rb:1.1405389998108149
spec/controllers/online_application_benefits_controller_spec.rb:0.3664510000962764
spec/mailers/notify_mailer_spec.rb:0.2753279998432845
spec/controllers/health_status_controller_spec.rb:0.10897099995054305
spec/controllers/report/purge_audit_controller_spec.rb:0.2107090000063181
spec/services/user_management_spec.rb:0.6871230001561344
spec/models/query/evidence_checkable_spec.rb:1.8379689999856055
spec/models/views/reports/hmrc_ocmc_data_export_spec.rb:11.737612999975681
spec/features/applications/benefit_results_are_processed_spec.rb:2.5968220001086593
spec/models/evidence_check_flag_spec.rb:0.03319999994710088
spec/controllers/applications/process/summary_controller_spec.rb:1.801770999794826
spec/features/admin_can_manage_the_message_info_spec.rb:0.45908699999563396
spec/services/online_application_search_spec.rb:1.06509599997662
spec/builders/finance_transactional_report_builder_spec.rb:2.466014000121504
spec/models/views/reports/finance_report_data_row_spec.rb:2.497757999924943

Randomized with seed 42898

Randomized with seed 37774
spec/models/applicant_spec.rb:0.7391490000300109
spec/features/part_payments/applications_awaiting_payment_are_displayed_on_dashboard_spec.rb:8.21999300015159
spec/models/concerns/application_checkable_spec.rb:1.6067339999135584
spec/features/user_profile_spec.rb:2.7707150001078844
spec/features/no_evidence_check/rst_974_spec.rb:2.411145000020042
spec/views/offices/index.html.slim_spec.rb:0.2718470001127571
spec/policies/application_policy_spec.rb:2.867121000075713
spec/controllers/evidence/hmrc_controller_spec.rb:8.544111999915913
spec/features/no_evidence_check/rst_975_spec.rb:3.9563159998506308
spec/models/feedback_spec.rb:0.7742519997991621
spec/routing/evidence_routing_spec.rb:0.06437900010496378
spec/models/user_spec.rb:1.8803670001216233
spec/routing/feedback_routing_spec.rb:0.022003000136464834
spec/helpers/evidence_check_helper_spec.rb:0.7861820000689477
spec/views/layouts/application.html.slim_spec.rb:0.4364130001049489
spec/models/views/reports/raw_data_export_spec.rb:15.23050000006333
spec/features/list_users_with_email_spec.rb:1.2604410001076758
spec/controllers/users_controller/logged_out_user_spec.rb:0.1142410000320524
spec/lib/band_base_calculation_spec.rb:2.1506919998209924
spec/helpers/paper_evidence_helper_spec.rb:0.33283800003118813
spec/controllers/evidence/hmrc_skips_controller_spec.rb:0.3285610000602901
spec/views/offices/edit.html.slim_spec.rb:0.4627899997867644
spec/features/part_payments/part_payments_flow_spec.rb:2.3998149998951703
spec/helpers/application_helper_spec.rb:0.15979099995456636
spec/models/forms/application/decision_override_spec.rb:1.534921000013128
spec/views/users/index.html.slim_spec.rb:0.7398099999409169
spec/features/navigation_spec.rb:0.1674279998987913
spec/models/views/reports/income_claims_data_export_spec.rb:1.508293000049889
spec/services/health_status_spec.rb:0.03974099992774427
spec/models/forms/application/benefit_spec.rb:0.7003789998125285
spec/models/office_jurisdiction_spec.rb:0.08195999986492097
spec/models/views/overview/applicant_spec.rb:0.20275499997660518
spec/routing/offices_routing_spec.rb:0.041317000053822994

Randomized with seed 37774

Randomized with seed 609
spec/policies/user_policy_spec.rb:4.162358000176027
spec/views/offices/show.html.slim_spec.rb:0.8266729998867959
spec/services/application_search_spec.rb:3.0106190000660717
spec/models/views/reports/ocmc_data_export_spec.rb:6.681582000106573
spec/features/search/staff_cannot_process_applications_with_errors_spec.rb:0.6809869999997318
spec/features/search/user_can_search_for_completed_applications_spec.rb:2.1338869999162853
spec/models/views/part_payment/result_spec.rb:0.23075299989432096
spec/features/record_and_view_feedback_spec.rb:0.5211050000507385
spec/controllers/evidence/accuracy_failed_reason_controller_spec.rb:2.217020999873057
spec/views/users/deleted.html.slim_spec.rb:0.6822190000675619
spec/features/domain_redirection_spec.rb:0.1803900001104921
spec/features/user_can_accept_invite_spec.rb:0.32561099994927645
spec/features/evidence/evidence_check_flow_spec.rb:9.134378999937326
spec/services/user_filters_spec.rb:1.1400140000041574
spec/controllers/applications/process/confirmation_controller_spec.rb:0.6383579999674112
spec/features/online_applications/evidence_check_spec.rb:2.9259899999015033
spec/features/password_reset_message_spec.rb:0.3394410000182688
spec/controllers/applications/process/details_controller_spec.rb:1.327906999969855
spec/controllers/report/ocmc_controller_spec.rb:0.5297209999989718
spec/repositories/application_form_repository_spec.rb:0.04778899997472763
spec/features/applications/remission_confirmation_spec.rb:1.233890000032261
spec/models/detail_spec.rb:0.01595099992118776
spec/services/details_router_spec.rb:0.26224400009959936
spec/models/forms/evidence/accuracy_spec.rb:0.6488080001436174
spec/controllers/applications/process_controller_spec.rb:0.1345899999141693
spec/features/online_applications/staff_can_add_details_spec.rb:0.7412299998104572
spec/controllers/processed_applications_controller_spec.rb:2.9702849998138845
spec/models/views/processed_data_spec.rb:0.7702079999726266
spec/controllers/feedback_controller_spec.rb:3.120761000085622
spec/controllers/evidence/hmrc_summary_controller_spec.rb:7.189647000050172
spec/services/business_entity_service_spec.rb:1.393976999912411
spec/controllers/evidence_controller_spec.rb:8.009576000040397

Randomized with seed 609

Randomized with seed 46471
spec/helpers/user_helper_spec.rb:0.13941900013014674
spec/services/completed_application_redirect_spec.rb:2.1116410000249743
spec/models/views/overview/details_spec.rb:0.649587000021711
spec/services/benefit_check_runner_spec.rb:9.990974999964237
spec/features/processed_applications/delete_processed_application_spec.rb:1.3878440000116825
spec/controllers/business_entities_controller_spec.rb:2.074769000057131
spec/features/no_evidence_check/rst_1111_spec.rb:10.730975999962538
spec/features/applications/emergency_applications_spec.rb:1.2919120001606643
spec/models/application_spec.rb:4.483341000042856
spec/helpers/home_helper_spec.rb:0.7838609998580068
spec/controllers/users_controller/mi_user_spec.rb:2.1494770001154393
spec/models/dwp_warning_spec.rb:0.0816520000807941
spec/services/income_calculation_runner_spec.rb:0.9020090000703931
spec/services/application_calculation_spec.rb:0.2788769998587668
spec/features/user_invite_spec.rb:0.7617950001731515
spec/routing/users_routing_spec.rb:0.06513300002552569
spec/models/views/overview/income_spec.rb:0.18666100013069808
spec/views/offices/new.html.slim_spec.rb:0.05187000008299947
spec/features/no_evidence_check/rst_977_spec.rb:4.694465999957174
spec/helpers/guide_helper_spec.rb:0.023607000010088086
spec/services/mail_service_spec.rb:0.10157299996353686
spec/controllers/applications/process/personal_informations_controller_spec.rb:6.985354000004008
spec/features/business_entities/admins_can_edit_sop_and_bec_spec.rb:0.47398699983023107
spec/models/views/confirmation/result_spec.rb:1.926729999948293
spec/services/hmrc_service_spec.rb:1.7654560001101345
spec/features/return_applications/return_part_payment_applications_spec.rb:0.9009630000218749
spec/controllers/online_applications_controller_spec.rb:4.461745999986306
spec/controllers/report/power_bi_controller_spec.rb:0.2467839999590069
spec/policies/office_policy_spec.rb:0.48474300000816584
spec/jobs/personal_data_purge_job_spec.rb:1.6458219999913126
spec/controllers/users_controller/manager_user_spec.rb:3.787773999851197
spec/features/benefit_override/out_of_time_refund_application_handled_correctly_spec.rb:0.45874700020067394

Randomized with seed 46471

Randomized with seed 2766
spec/models/views/overview/savings_and_investments_spec.rb:0.06297999992966652
spec/features/processed_applications/list_deleted_applications_spec.rb:9.49417299986817
spec/routing/processed_applications_routing_spec.rb:0.018691000062972307
spec/helpers/summary_helper_spec.rb:0.1342720000538975
spec/services/benefit_check_service_spec.rb:2.487841999856755
spec/models/forms/evidence/hmrc_check_spec.rb:1.5193819999694824
spec/models/views/overview/application_spec.rb:1.4852569999638945
spec/controllers/guide_controller_spec.rb:0.19790500006638467
spec/models/form_object_spec.rb:0.570666000014171
spec/controllers/static_controller_spec.rb:0.039043999975547194
spec/models/forms/fee_approval_spec.rb:0.08036999986506999
spec/services/business_entity_generator_spec.rb:0.24515800015069544
spec/routing/business_entities_routing_spec.rb:0.03222499997355044
spec/controllers/api/submissions_controller_spec.rb:0.11688699992373586
spec/services/online_benefit_check_runner_spec.rb:0.07364799990318716
spec/features/benefit_override/no_ni_number_and_undetermined_result_spec.rb:4.6891820000018924
spec/builders/online_application_builder_spec.rb:0.06748399999924004
spec/services/resolver_cost_calculator_spec.rb:0.3192379998508841
spec/controllers/deleted_applications_controller_spec.rb:1.7487049999181181
spec/features/online_applications/staff_can_search_for_online_application_spec.rb:0.5931720000226051
spec/policies/evidence_check_policy_spec.rb:1.0128810000605881
spec/services/resolver_service_spec.rb:29.693162000039592
spec/services/manager_setup_spec.rb:0.5008469999302179
spec/models/forms/evidence/income_spec.rb:0.3731629999820143
spec/models/views/reports/public_submission_data_spec.rb:3.324896000092849
spec/models/query/deleted_applications_spec.rb:1.0428199998568743
spec/models/office_spec.rb:0.3864929999690503
spec/views/shared/_footer.slim_spec.rb:0.05657200003042817
spec/models/forms/search_spec.rb:0.004310999996960163
spec/lib/personal_data_purge_spec.rb:3.5412129999604076
spec/models/views/reports/hmrc_purged_export_spec.rb:6.259586000116542
spec/services/part_payment_builder_spec.rb:0.6011580000631511
spec/controllers/offices_controller_spec.rb:0.7264149999246001

Randomized with seed 2766

Randomized with seed 40710
spec/features/admin_can_maintain_business_entities_spec.rb:11.187214000150561
spec/models/forms/application/applicant_spec.rb:1.3262980000581592
spec/models/part_payment_spec.rb:0.05019300011917949
spec/models/business_entity_spec.rb:0.9496240001171827
spec/features/benefit_override/when_benefits_checker_returns_undetermined_result_spec.rb:0.8338359999470413
spec/features/evidence-checks/evidence_check_spec.rb:12.720202000113204
spec/models/forms/application/detail_spec.rb:1.9248939999379218
spec/controllers/applications/process/benefits_controller_spec.rb:1.8665720000863075
spec/features/no_evidence_check/rst_1006_spec.rb:6.69842499983497
spec/services/reference_generator_spec.rb:0.7824760000221431
spec/features/prevent_managers_from_downgrading_themselves_to_user_role_spec.rb:0.42558999988250434
spec/models/hmrc_token_spec.rb:0.1091879999730736
spec/policies/feedback_policy_spec.rb:0.7444429998286068
spec/features/manager_office_access_spec.rb:0.2724150000140071
spec/policies/online_application_policy_spec.rb:0.26273899991065264
spec/controllers/users/invitations_controller_spec.rb:1.4049660000018775
spec/policies/benefit_override_policy_spec.rb:0.3121629999950528
spec/models/query/waiting_for_evidence_spec.rb:2.1697080000303686
spec/features/benefit_override/allow_override_when_dwp_checker_says_no_spec.rb:5.92582600004971
spec/models/forms/accuracy_spec.rb:1.5147570001427084
spec/models/online_application_spec.rb:1.3098160000517964
spec/features/processed_applications/list_processed_applications_spec.rb:3.56698099989444
spec/models/views/office_business_entity_state_spec.rb:0.8458800001535565
spec/features/no_evidence_check/rst_987_spec.rb:5.815457999939099
spec/features/manager_out_of_the_box_experience_spec.rb:0.5297690001316369
spec/models/views/reports/audit_personal_data_report_spec.rb:1.1776789999566972
spec/builders/finance_report_builder_spec.rb:5.725136999972165
spec/controllers/home_controller_spec.rb:3.4333830000832677
spec/models/saving_spec.rb:0.04010400013066828
spec/models/query/last_updated_applications_spec.rb:0.25268599996343255
spec/controllers/dwp_failed_applications_controller_spec.rb:0.17999599990434945
spec/controllers/application_controller_spec.rb:0.09815299999900162
spec/policies/part_payment_policy_spec.rb:0.38558200001716614

Randomized with seed 40710

Randomized with seed 56683
spec/jobs/hmrc_data_purge_job_spec.rb:14.769704999867827
spec/models/forms/application/delete_spec.rb:0.47130899992771447
spec/views/feedback/new.html.slim_spec.rb:0.2110059999395162
spec/controllers/part_payments_controller_spec.rb:5.685778000159189
spec/models/benefit_override_spec.rb:0.019998000003397465
spec/controllers/applications/process/savings_investments_controller_spec.rb:0.697478000074625
spec/services/dwp_monitor_spec.rb:5.95755900000222
spec/models/evidence_check_spec.rb:1.1098529999144375
spec/jobs/benefit_check_rerun_job_spec.rb:3.7049179999157786
spec/models/benefit_check_spec.rb:1.6708890001755208
spec/models/decision_override_spec.rb:0.1844490000512451
spec/lib/i18n_spec.rb:0.0132509998511523
spec/features/evidence/applications_awaiting_evidence_are_displayed_on_dashboard_spec.rb:1.4169359998777509
spec/lib/update_missing_business_entities_spec.rb:0.6172249999362975
spec/models/views/reports/finance_transactional_report_data_row_spec.rb:5.101316000102088
spec/models/query/waiting_for_part_payment_spec.rb:1.6072370000183582
spec/policies/business_entity_policy_spec.rb:0.7149010000284761
spec/features/no_evidence_check/rst_985_spec.rb:11.74082800000906
spec/services/hmrc_api_service_spec.rb:5.04815399996005
spec/controllers/users_controller/standard_user_spec.rb:1.5687949999701232
spec/features/applications/new_savings_investment_spec.rb:1.0425850001629442
spec/features/applications/processing_refund_application_spec.rb:7.916753999888897
spec/features/online_applications/staff_can_complete_processing_spec.rb:0.8050290001556277
spec/controllers/report/hmrc_controller_spec.rb:0.17235500016249716
spec/lib/income_thresholds_spec.rb:0.025387000059708953
spec/controllers/applications/process/override_controller_spec.rb:0.28172799991443753
spec/models/forms/application/income_spec.rb:0.2230159998871386
spec/builders/application_builder_spec.rb:1.7273069999646395
spec/features/manager_transfers_user_spec.rb:0.1401909999549389
spec/controllers/users_controller/admin_user_spec.rb:3.91670099995099
spec/models/forms/finance_report_spec.rb:0.037041000090539455
spec/views/users/show.html.slim_spec.rb:0.40763099980540574
spec/services/evidence_check_flagging_service_spec.rb:0.629202000098303

Randomized with seed 56683
